2019-02-20 08:16:16: -- Analysis Started by User
2019-02-20 08:16:16: L: State file does not exist: C:/Users/tamma/Documents/GitHub/i4-frontend-specialisation/_gsdata_/_file_state_v4._gs
2019-02-20 08:16:16: R: State file does not exist: E:/FrontEnd/i4-frontend-specialisation-master/_gsdata_/_file_state_v4._gs
2019-02-20 08:16:16: Changes: 163, Conflicts: 0, CopyTime: 0, CopyState: 0/1, Errors: 0, All: 164
2019-02-20 08:16:16: Left to Right: Copy File: 159 Delete File: 4 
2019-02-20 08:16:16: -- Analysis Complete. Time 00:00:00, Speed: Many files/s
2019-02-20 08:16:16: 
2019-02-20 08:16:23: New _gsdata_ folder(s) created, so rescan all job folders for their ghosts
2019-02-20 08:16:23: == Sync Started by User
2019-02-20 08:16:23: Delete File 'E:/FrontEnd/i4-frontend-specialisation-master/js-01/01 - warmups.js'
2019-02-20 08:16:23: Delete File 'E:/FrontEnd/i4-frontend-specialisation-master/js-01/average.js'
2019-02-20 08:16:23: Delete File 'E:/FrontEnd/i4-frontend-specialisation-master/js-01/calculate.js'
2019-02-20 08:16:23: Delete File 'E:/FrontEnd/i4-frontend-specialisation-master/js-01/calculatePolish.js'
2019-02-20 08:16:23: Create Folder 'E:/FrontEnd/i4-frontend-specialisation-master/.git'
2019-02-20 08:16:23: Create Folder 'E:/FrontEnd/i4-frontend-specialisation-master/.git/hooks'
2019-02-20 08:16:23: Create Folder 'E:/FrontEnd/i4-frontend-specialisation-master/.git/info'
2019-02-20 08:16:23: Create Folder 'E:/FrontEnd/i4-frontend-specialisation-master/.git/logs'
2019-02-20 08:16:23: Create Folder 'E:/FrontEnd/i4-frontend-specialisation-master/.git/logs/refs'
2019-02-20 08:16:23: Create Folder 'E:/FrontEnd/i4-frontend-specialisation-master/.git/logs/refs/heads'
2019-02-20 08:16:23: Create Folder 'E:/FrontEnd/i4-frontend-specialisation-master/.git/logs/refs/remotes'
2019-02-20 08:16:23: Create Folder 'E:/FrontEnd/i4-frontend-specialisation-master/.git/logs/refs/remotes/origin'
2019-02-20 08:16:23: Create Folder 'E:/FrontEnd/i4-frontend-specialisation-master/.git/objects'
2019-02-20 08:16:23: Create Folder 'E:/FrontEnd/i4-frontend-specialisation-master/.git/objects/07'
2019-02-20 08:16:23: Create Folder 'E:/FrontEnd/i4-frontend-specialisation-master/.git/objects/0a'
2019-02-20 08:16:23: Create Folder 'E:/FrontEnd/i4-frontend-specialisation-master/.git/objects/0d'
2019-02-20 08:16:23: Create Folder 'E:/FrontEnd/i4-frontend-specialisation-master/.git/objects/0f'
2019-02-20 08:16:23: Create Folder 'E:/FrontEnd/i4-frontend-specialisation-master/.git/objects/14'
2019-02-20 08:16:23: Create Folder 'E:/FrontEnd/i4-frontend-specialisation-master/.git/objects/17'
2019-02-20 08:16:23: Create Folder 'E:/FrontEnd/i4-frontend-specialisation-master/.git/objects/19'
2019-02-20 08:16:23: Create Folder 'E:/FrontEnd/i4-frontend-specialisation-master/.git/objects/23'
2019-02-20 08:16:23: Create Folder 'E:/FrontEnd/i4-frontend-specialisation-master/.git/objects/25'
2019-02-20 08:16:23: Create Folder 'E:/FrontEnd/i4-frontend-specialisation-master/.git/objects/2b'
2019-02-20 08:16:23: Create Folder 'E:/FrontEnd/i4-frontend-specialisation-master/.git/objects/38'
2019-02-20 08:16:23: Create Folder 'E:/FrontEnd/i4-frontend-specialisation-master/.git/objects/3b'
2019-02-20 08:16:23: Create Folder 'E:/FrontEnd/i4-frontend-specialisation-master/.git/objects/3d'
2019-02-20 08:16:23: Create Folder 'E:/FrontEnd/i4-frontend-specialisation-master/.git/objects/42'
2019-02-20 08:16:23: Create Folder 'E:/FrontEnd/i4-frontend-specialisation-master/.git/objects/44'
2019-02-20 08:16:23: Create Folder 'E:/FrontEnd/i4-frontend-specialisation-master/.git/objects/54'
2019-02-20 08:16:23: Create Folder 'E:/FrontEnd/i4-frontend-specialisation-master/.git/objects/62'
2019-02-20 08:16:24: Create Folder 'E:/FrontEnd/i4-frontend-specialisation-master/.git/objects/64'
2019-02-20 08:16:24: Create Folder 'E:/FrontEnd/i4-frontend-specialisation-master/.git/objects/68'
2019-02-20 08:16:24: Create Folder 'E:/FrontEnd/i4-frontend-specialisation-master/.git/objects/69'
2019-02-20 08:16:24: Create Folder 'E:/FrontEnd/i4-frontend-specialisation-master/.git/objects/6f'
2019-02-20 08:16:24: Create Folder 'E:/FrontEnd/i4-frontend-specialisation-master/.git/objects/75'
2019-02-20 08:16:24: Create Folder 'E:/FrontEnd/i4-frontend-specialisation-master/.git/objects/7c'
2019-02-20 08:16:24: Create Folder 'E:/FrontEnd/i4-frontend-specialisation-master/.git/objects/7e'
2019-02-20 08:16:24: Create Folder 'E:/FrontEnd/i4-frontend-specialisation-master/.git/objects/80'
2019-02-20 08:16:24: Create Folder 'E:/FrontEnd/i4-frontend-specialisation-master/.git/objects/83'
2019-02-20 08:16:24: Create Folder 'E:/FrontEnd/i4-frontend-specialisation-master/.git/objects/8c'
2019-02-20 08:16:24: Create Folder 'E:/FrontEnd/i4-frontend-specialisation-master/.git/objects/8d'
2019-02-20 08:16:24: Create Folder 'E:/FrontEnd/i4-frontend-specialisation-master/.git/objects/95'
2019-02-20 08:16:24: Create Folder 'E:/FrontEnd/i4-frontend-specialisation-master/.git/objects/a1'
2019-02-20 08:16:24: Create Folder 'E:/FrontEnd/i4-frontend-specialisation-master/.git/objects/ab'
2019-02-20 08:16:24: Create Folder 'E:/FrontEnd/i4-frontend-specialisation-master/.git/objects/b5'
2019-02-20 08:16:24: Create Folder 'E:/FrontEnd/i4-frontend-specialisation-master/.git/objects/be'
2019-02-20 08:16:24: Create Folder 'E:/FrontEnd/i4-frontend-specialisation-master/.git/objects/bf'
2019-02-20 08:16:24: Create Folder 'E:/FrontEnd/i4-frontend-specialisation-master/.git/objects/c0'
2019-02-20 08:16:24: Create Folder 'E:/FrontEnd/i4-frontend-specialisation-master/.git/objects/c8'
2019-02-20 08:16:24: Create Folder 'E:/FrontEnd/i4-frontend-specialisation-master/.git/objects/cc'
2019-02-20 08:16:24: Create Folder 'E:/FrontEnd/i4-frontend-specialisation-master/.git/objects/cd'
2019-02-20 08:16:24: Create Folder 'E:/FrontEnd/i4-frontend-specialisation-master/.git/objects/d4'
2019-02-20 08:16:24: Create Folder 'E:/FrontEnd/i4-frontend-specialisation-master/.git/objects/db'
2019-02-20 08:16:24: Create Folder 'E:/FrontEnd/i4-frontend-specialisation-master/.git/objects/dc'
2019-02-20 08:16:24: Create Folder 'E:/FrontEnd/i4-frontend-specialisation-master/.git/objects/de'
2019-02-20 08:16:24: Create Folder 'E:/FrontEnd/i4-frontend-specialisation-master/.git/objects/e1'
2019-02-20 08:16:24: Create Folder 'E:/FrontEnd/i4-frontend-specialisation-master/.git/objects/e9'
2019-02-20 08:16:24: Create Folder 'E:/FrontEnd/i4-frontend-specialisation-master/.git/objects/f2'
2019-02-20 08:16:24: Create Folder 'E:/FrontEnd/i4-frontend-specialisation-master/.git/objects/f4'
2019-02-20 08:16:24: Create Folder 'E:/FrontEnd/i4-frontend-specialisation-master/.git/objects/f5'
2019-02-20 08:16:24: Create Folder 'E:/FrontEnd/i4-frontend-specialisation-master/.git/objects/f8'
2019-02-20 08:16:24: Create Folder 'E:/FrontEnd/i4-frontend-specialisation-master/.git/objects/fa'
2019-02-20 08:16:24: Create Folder 'E:/FrontEnd/i4-frontend-specialisation-master/.git/objects/info'
2019-02-20 08:16:24: Create Folder 'E:/FrontEnd/i4-frontend-specialisation-master/.git/objects/pack'
2019-02-20 08:16:24: Create Folder 'E:/FrontEnd/i4-frontend-specialisation-master/.git/refs'
2019-02-20 08:16:24: Create Folder 'E:/FrontEnd/i4-frontend-specialisation-master/.git/refs/heads'
2019-02-20 08:16:24: Create Folder 'E:/FrontEnd/i4-frontend-specialisation-master/.git/refs/remotes'
2019-02-20 08:16:24: Create Folder 'E:/FrontEnd/i4-frontend-specialisation-master/.git/refs/remotes/origin'
2019-02-20 08:16:24: Create Folder 'E:/FrontEnd/i4-frontend-specialisation-master/.git/refs/tags'
2019-02-20 08:16:24: Copy New 'C:/Users/tamma/Documents/GitHub/i4-frontend-specialisation/.git/config' -> 'E:/FrontEnd/i4-frontend-specialisation-master/.git/config'
2019-02-20 08:16:25: Copy New 'C:/Users/tamma/Documents/GitHub/i4-frontend-specialisation/.git/description' -> 'E:/FrontEnd/i4-frontend-specialisation-master/.git/description'
2019-02-20 08:16:25: Copy New 'C:/Users/tamma/Documents/GitHub/i4-frontend-specialisation/.git/FETCH_HEAD' -> 'E:/FrontEnd/i4-frontend-specialisation-master/.git/FETCH_HEAD'
2019-02-20 08:16:25: Copy New 'C:/Users/tamma/Documents/GitHub/i4-frontend-specialisation/.git/HEAD' -> 'E:/FrontEnd/i4-frontend-specialisation-master/.git/HEAD'
2019-02-20 08:16:25: Copy New 'C:/Users/tamma/Documents/GitHub/i4-frontend-specialisation/.git/hooks/applypatch-msg.sample' -> 'E:/FrontEnd/i4-frontend-specialisation-master/.git/hooks/applypatch-msg.sample'
2019-02-20 08:16:25: Copy New 'C:/Users/tamma/Documents/GitHub/i4-frontend-specialisation/.git/hooks/commit-msg.sample' -> 'E:/FrontEnd/i4-frontend-specialisation-master/.git/hooks/commit-msg.sample'
2019-02-20 08:16:25: Copy New 'C:/Users/tamma/Documents/GitHub/i4-frontend-specialisation/.git/hooks/fsmonitor-watchman.sample' -> 'E:/FrontEnd/i4-frontend-specialisation-master/.git/hooks/fsmonitor-watchman.sample'
2019-02-20 08:16:25: Copy New 'C:/Users/tamma/Documents/GitHub/i4-frontend-specialisation/.git/hooks/post-update.sample' -> 'E:/FrontEnd/i4-frontend-specialisation-master/.git/hooks/post-update.sample'
2019-02-20 08:16:25: Copy New 'C:/Users/tamma/Documents/GitHub/i4-frontend-specialisation/.git/hooks/pre-applypatch.sample' -> 'E:/FrontEnd/i4-frontend-specialisation-master/.git/hooks/pre-applypatch.sample'
2019-02-20 08:16:25: Copy New 'C:/Users/tamma/Documents/GitHub/i4-frontend-specialisation/.git/hooks/pre-commit.sample' -> 'E:/FrontEnd/i4-frontend-specialisation-master/.git/hooks/pre-commit.sample'
2019-02-20 08:16:25: Copy New 'C:/Users/tamma/Documents/GitHub/i4-frontend-specialisation/.git/hooks/pre-push.sample' -> 'E:/FrontEnd/i4-frontend-specialisation-master/.git/hooks/pre-push.sample'
2019-02-20 08:16:25: Copy New 'C:/Users/tamma/Documents/GitHub/i4-frontend-specialisation/.git/hooks/pre-rebase.sample' -> 'E:/FrontEnd/i4-frontend-specialisation-master/.git/hooks/pre-rebase.sample'
2019-02-20 08:16:25: Copy New 'C:/Users/tamma/Documents/GitHub/i4-frontend-specialisation/.git/hooks/pre-receive.sample' -> 'E:/FrontEnd/i4-frontend-specialisation-master/.git/hooks/pre-receive.sample'
2019-02-20 08:16:25: Copy New 'C:/Users/tamma/Documents/GitHub/i4-frontend-specialisation/.git/hooks/prepare-commit-msg.sample' -> 'E:/FrontEnd/i4-frontend-specialisation-master/.git/hooks/prepare-commit-msg.sample'
2019-02-20 08:16:25: Copy New 'C:/Users/tamma/Documents/GitHub/i4-frontend-specialisation/.git/hooks/update.sample' -> 'E:/FrontEnd/i4-frontend-specialisation-master/.git/hooks/update.sample'
2019-02-20 08:16:25: Copy New 'C:/Users/tamma/Documents/GitHub/i4-frontend-specialisation/.git/index' -> 'E:/FrontEnd/i4-frontend-specialisation-master/.git/index'
2019-02-20 08:16:26: Copy New 'C:/Users/tamma/Documents/GitHub/i4-frontend-specialisation/.git/info/exclude' -> 'E:/FrontEnd/i4-frontend-specialisation-master/.git/info/exclude'
2019-02-20 08:16:26: Copy New 'C:/Users/tamma/Documents/GitHub/i4-frontend-specialisation/.git/logs/HEAD' -> 'E:/FrontEnd/i4-frontend-specialisation-master/.git/logs/HEAD'
2019-02-20 08:16:26: Copy New 'C:/Users/tamma/Documents/GitHub/i4-frontend-specialisation/.git/logs/refs/heads/master' -> 'E:/FrontEnd/i4-frontend-specialisation-master/.git/logs/refs/heads/master'
2019-02-20 08:16:26: Copy New 'C:/Users/tamma/Documents/GitHub/i4-frontend-specialisation/.git/logs/refs/remotes/origin/HEAD' -> 'E:/FrontEnd/i4-frontend-specialisation-master/.git/logs/refs/remotes/origin/HEAD'
2019-02-20 08:16:26: Copy New 'C:/Users/tamma/Documents/GitHub/i4-frontend-specialisation/.git/objects/07/1e85f98487e1061964efc49fb817a2548941ed' -> 'E:/FrontEnd/i4-frontend-specialisation-master/.git/objects/07/1e85f98487e1061964efc49fb817a2548941ed'
2019-02-20 08:16:26: Copy New 'C:/Users/tamma/Documents/GitHub/i4-frontend-specialisation/.git/objects/0a/19001ab7a61d4409c81b3b5e6a2cf285684238' -> 'E:/FrontEnd/i4-frontend-specialisation-master/.git/objects/0a/19001ab7a61d4409c81b3b5e6a2cf285684238'
2019-02-20 08:16:26: Copy New 'C:/Users/tamma/Documents/GitHub/i4-frontend-specialisation/.git/objects/0d/8e98c6161e075b730066114f1dd7e778e6c18a' -> 'E:/FrontEnd/i4-frontend-specialisation-master/.git/objects/0d/8e98c6161e075b730066114f1dd7e778e6c18a'
2019-02-20 08:16:26: Copy New 'C:/Users/tamma/Documents/GitHub/i4-frontend-specialisation/.git/objects/0f/1209636f293e09fdd039d44f4ee21552bd6c18' -> 'E:/FrontEnd/i4-frontend-specialisation-master/.git/objects/0f/1209636f293e09fdd039d44f4ee21552bd6c18'
2019-02-20 08:16:26: Copy New 'C:/Users/tamma/Documents/GitHub/i4-frontend-specialisation/.git/objects/14/513cb9ca220b5071b8664b9a75cb3537e758f3' -> 'E:/FrontEnd/i4-frontend-specialisation-master/.git/objects/14/513cb9ca220b5071b8664b9a75cb3537e758f3'
2019-02-20 08:16:26: Copy New 'C:/Users/tamma/Documents/GitHub/i4-frontend-specialisation/.git/objects/17/d3311cbc6499feded94f8dc7cb6ddc608a7d9a' -> 'E:/FrontEnd/i4-frontend-specialisation-master/.git/objects/17/d3311cbc6499feded94f8dc7cb6ddc608a7d9a'
2019-02-20 08:16:26: Copy New 'C:/Users/tamma/Documents/GitHub/i4-frontend-specialisation/.git/objects/19/96684084875cd94a96d13b86dbef30f8dad3c4' -> 'E:/FrontEnd/i4-frontend-specialisation-master/.git/objects/19/96684084875cd94a96d13b86dbef30f8dad3c4'
2019-02-20 08:16:26: Copy New 'C:/Users/tamma/Documents/GitHub/i4-frontend-specialisation/.git/objects/23/e8a7cd557850e23538fd66b9286088e2baa972' -> 'E:/FrontEnd/i4-frontend-specialisation-master/.git/objects/23/e8a7cd557850e23538fd66b9286088e2baa972'
2019-02-20 08:16:26: Copy New 'C:/Users/tamma/Documents/GitHub/i4-frontend-specialisation/.git/objects/25/09207f6449eb6e0f0371b5962cb391e6f3cd0c' -> 'E:/FrontEnd/i4-frontend-specialisation-master/.git/objects/25/09207f6449eb6e0f0371b5962cb391e6f3cd0c'
2019-02-20 08:16:27: Copy New 'C:/Users/tamma/Documents/GitHub/i4-frontend-specialisation/.git/objects/2b/41f4bccb3e514745ec6903edb07b5e9d450b48' -> 'E:/FrontEnd/i4-frontend-specialisation-master/.git/objects/2b/41f4bccb3e514745ec6903edb07b5e9d450b48'
2019-02-20 08:16:27: Copy New 'C:/Users/tamma/Documents/GitHub/i4-frontend-specialisation/.git/objects/38/a227a519c013432675c45b08c22c22c37d770f' -> 'E:/FrontEnd/i4-frontend-specialisation-master/.git/objects/38/a227a519c013432675c45b08c22c22c37d770f'
2019-02-20 08:16:27: Copy New 'C:/Users/tamma/Documents/GitHub/i4-frontend-specialisation/.git/objects/3b/b4e065186ee5cc152a3200be5d299893d1ff59' -> 'E:/FrontEnd/i4-frontend-specialisation-master/.git/objects/3b/b4e065186ee5cc152a3200be5d299893d1ff59'
2019-02-20 08:16:27: Copy New 'C:/Users/tamma/Documents/GitHub/i4-frontend-specialisation/.git/objects/3d/c60d84f60514369bb182500f1202f1f9d881d2' -> 'E:/FrontEnd/i4-frontend-specialisation-master/.git/objects/3d/c60d84f60514369bb182500f1202f1f9d881d2'
2019-02-20 08:16:27: Copy New 'C:/Users/tamma/Documents/GitHub/i4-frontend-specialisation/.git/objects/42/bfd8feafd61c03247e0b1b91496b7441143844' -> 'E:/FrontEnd/i4-frontend-specialisation-master/.git/objects/42/bfd8feafd61c03247e0b1b91496b7441143844'
2019-02-20 08:16:27: Copy New 'C:/Users/tamma/Documents/GitHub/i4-frontend-specialisation/.git/objects/44/7b694f0f776b04a50b676ba77f45fc7c898462' -> 'E:/FrontEnd/i4-frontend-specialisation-master/.git/objects/44/7b694f0f776b04a50b676ba77f45fc7c898462'
2019-02-20 08:16:27: Copy New 'C:/Users/tamma/Documents/GitHub/i4-frontend-specialisation/.git/objects/54/cd4af073dbce7c040f0c9f68003511931c810a' -> 'E:/FrontEnd/i4-frontend-specialisation-master/.git/objects/54/cd4af073dbce7c040f0c9f68003511931c810a'
2019-02-20 08:16:28: Copy New 'C:/Users/tamma/Documents/GitHub/i4-frontend-specialisation/.git/objects/62/63f8269c01df6778640712ea01696cc7659f28' -> 'E:/FrontEnd/i4-frontend-specialisation-master/.git/objects/62/63f8269c01df6778640712ea01696cc7659f28'
2019-02-20 08:16:28: Copy New 'C:/Users/tamma/Documents/GitHub/i4-frontend-specialisation/.git/objects/62/cf49037983c99edb4147d7ca2f32c60db7a088' -> 'E:/FrontEnd/i4-frontend-specialisation-master/.git/objects/62/cf49037983c99edb4147d7ca2f32c60db7a088'
2019-02-20 08:16:28: Copy New 'C:/Users/tamma/Documents/GitHub/i4-frontend-specialisation/.git/objects/64/eda02472a8f0ed1379bf7c20eab9a2700fd019' -> 'E:/FrontEnd/i4-frontend-specialisation-master/.git/objects/64/eda02472a8f0ed1379bf7c20eab9a2700fd019'
2019-02-20 08:16:28: Copy New 'C:/Users/tamma/Documents/GitHub/i4-frontend-specialisation/.git/objects/68/133acc87afb3692875b491931c592948df156f' -> 'E:/FrontEnd/i4-frontend-specialisation-master/.git/objects/68/133acc87afb3692875b491931c592948df156f'
2019-02-20 08:16:28: Copy New 'C:/Users/tamma/Documents/GitHub/i4-frontend-specialisation/.git/objects/69/c35c4337971cfadb09f99bbd72a64dd56ece8a' -> 'E:/FrontEnd/i4-frontend-specialisation-master/.git/objects/69/c35c4337971cfadb09f99bbd72a64dd56ece8a'
2019-02-20 08:16:28: Copy New 'C:/Users/tamma/Documents/GitHub/i4-frontend-specialisation/.git/objects/6f/0146b26e31dd2e767967c7cce280e46f2fa0ee' -> 'E:/FrontEnd/i4-frontend-specialisation-master/.git/objects/6f/0146b26e31dd2e767967c7cce280e46f2fa0ee'
2019-02-20 08:16:28: Copy New 'C:/Users/tamma/Documents/GitHub/i4-frontend-specialisation/.git/objects/75/0446178faca7391354537182983872b0daf0cb' -> 'E:/FrontEnd/i4-frontend-specialisation-master/.git/objects/75/0446178faca7391354537182983872b0daf0cb'
2019-02-20 08:16:28: Copy New 'C:/Users/tamma/Documents/GitHub/i4-frontend-specialisation/.git/objects/7c/afbdb49d26b4b92ddafd7d33188d0fbdead2c9' -> 'E:/FrontEnd/i4-frontend-specialisation-master/.git/objects/7c/afbdb49d26b4b92ddafd7d33188d0fbdead2c9'
2019-02-20 08:16:29: Copy New 'C:/Users/tamma/Documents/GitHub/i4-frontend-specialisation/.git/objects/7e/4c9b4f9ce9d2119e8adcf4624a23614d534f49' -> 'E:/FrontEnd/i4-frontend-specialisation-master/.git/objects/7e/4c9b4f9ce9d2119e8adcf4624a23614d534f49'
2019-02-20 08:16:29: Copy New 'C:/Users/tamma/Documents/GitHub/i4-frontend-specialisation/.git/objects/80/74bfe9c6da730db57033a02d7612a14b33dda5' -> 'E:/FrontEnd/i4-frontend-specialisation-master/.git/objects/80/74bfe9c6da730db57033a02d7612a14b33dda5'
2019-02-20 08:16:29: Copy New 'C:/Users/tamma/Documents/GitHub/i4-frontend-specialisation/.git/objects/83/18ddb8a9b42aaa44e53ea4ad106619a06c9f13' -> 'E:/FrontEnd/i4-frontend-specialisation-master/.git/objects/83/18ddb8a9b42aaa44e53ea4ad106619a06c9f13'
2019-02-20 08:16:29: Copy New 'C:/Users/tamma/Documents/GitHub/i4-frontend-specialisation/.git/objects/83/a2aed88ec6c3ef76be86967d67d311d52490f3' -> 'E:/FrontEnd/i4-frontend-specialisation-master/.git/objects/83/a2aed88ec6c3ef76be86967d67d311d52490f3'
2019-02-20 08:16:29: Copy New 'C:/Users/tamma/Documents/GitHub/i4-frontend-specialisation/.git/objects/8c/1e670027a8b117e4ff77866597ba757f95ea03' -> 'E:/FrontEnd/i4-frontend-specialisation-master/.git/objects/8c/1e670027a8b117e4ff77866597ba757f95ea03'
2019-02-20 08:16:29: Copy New 'C:/Users/tamma/Documents/GitHub/i4-frontend-specialisation/.git/objects/8d/fc7ad7ce6633f92e9d347e71409db372c8d08b' -> 'E:/FrontEnd/i4-frontend-specialisation-master/.git/objects/8d/fc7ad7ce6633f92e9d347e71409db372c8d08b'
2019-02-20 08:16:29: Copy New 'C:/Users/tamma/Documents/GitHub/i4-frontend-specialisation/.git/objects/95/881bbee5cc1771c679c17c6dee213f3ca3abc3' -> 'E:/FrontEnd/i4-frontend-specialisation-master/.git/objects/95/881bbee5cc1771c679c17c6dee213f3ca3abc3'
2019-02-20 08:16:29: Copy New 'C:/Users/tamma/Documents/GitHub/i4-frontend-specialisation/.git/objects/a1/306d4d74acb554afcb40c196a671943434480c' -> 'E:/FrontEnd/i4-frontend-specialisation-master/.git/objects/a1/306d4d74acb554afcb40c196a671943434480c'
2019-02-20 08:16:30: Copy New 'C:/Users/tamma/Documents/GitHub/i4-frontend-specialisation/.git/objects/ab/a486f0132ae5b09ca3f2877c66083abede1636' -> 'E:/FrontEnd/i4-frontend-specialisation-master/.git/objects/ab/a486f0132ae5b09ca3f2877c66083abede1636'
2019-02-20 08:16:30: Copy New 'C:/Users/tamma/Documents/GitHub/i4-frontend-specialisation/.git/objects/b5/a5448163723d582a17aabefe48d60f528a1d62' -> 'E:/FrontEnd/i4-frontend-specialisation-master/.git/objects/b5/a5448163723d582a17aabefe48d60f528a1d62'
2019-02-20 08:16:30: Copy New 'C:/Users/tamma/Documents/GitHub/i4-frontend-specialisation/.git/objects/be/90389a6a58c00e72a80a9f4b988dafd4ba61b2' -> 'E:/FrontEnd/i4-frontend-specialisation-master/.git/objects/be/90389a6a58c00e72a80a9f4b988dafd4ba61b2'
2019-02-20 08:16:30: Copy New 'C:/Users/tamma/Documents/GitHub/i4-frontend-specialisation/.git/objects/bf/70246f456c3fd9fe0c1461f0a21c93e1eee6d9' -> 'E:/FrontEnd/i4-frontend-specialisation-master/.git/objects/bf/70246f456c3fd9fe0c1461f0a21c93e1eee6d9'
2019-02-20 08:16:30: Copy New 'C:/Users/tamma/Documents/GitHub/i4-frontend-specialisation/.git/objects/c0/4e1865d8fc8062008971765d5337a0c61f461d' -> 'E:/FrontEnd/i4-frontend-specialisation-master/.git/objects/c0/4e1865d8fc8062008971765d5337a0c61f461d'
2019-02-20 08:16:30: Copy New 'C:/Users/tamma/Documents/GitHub/i4-frontend-specialisation/.git/objects/c0/ccbc23589f9f654cc926fb7c4ae499916021b8' -> 'E:/FrontEnd/i4-frontend-specialisation-master/.git/objects/c0/ccbc23589f9f654cc926fb7c4ae499916021b8'
2019-02-20 08:16:31: Copy New 'C:/Users/tamma/Documents/GitHub/i4-frontend-specialisation/.git/objects/c8/f10e7a6463441dbf2a5c9b5c9e5105d52a2f55' -> 'E:/FrontEnd/i4-frontend-specialisation-master/.git/objects/c8/f10e7a6463441dbf2a5c9b5c9e5105d52a2f55'
2019-02-20 08:16:31: Copy New 'C:/Users/tamma/Documents/GitHub/i4-frontend-specialisation/.git/objects/cc/189b5830ad69ca3e863dc8850d97e67656240c' -> 'E:/FrontEnd/i4-frontend-specialisation-master/.git/objects/cc/189b5830ad69ca3e863dc8850d97e67656240c'
2019-02-20 08:16:31: Copy New 'C:/Users/tamma/Documents/GitHub/i4-frontend-specialisation/.git/objects/cd/4ce14b8725f30e67b8bd09429b668df77f5821' -> 'E:/FrontEnd/i4-frontend-specialisation-master/.git/objects/cd/4ce14b8725f30e67b8bd09429b668df77f5821'
2019-02-20 08:16:31: Copy New 'C:/Users/tamma/Documents/GitHub/i4-frontend-specialisation/.git/objects/cd/7b35732f87b504ce6c78490b0bcba8f4ab7737' -> 'E:/FrontEnd/i4-frontend-specialisation-master/.git/objects/cd/7b35732f87b504ce6c78490b0bcba8f4ab7737'
2019-02-20 08:16:31: Copy New 'C:/Users/tamma/Documents/GitHub/i4-frontend-specialisation/.git/objects/cd/8c27f972d121cdce40da5b4146337b35e1420f' -> 'E:/FrontEnd/i4-frontend-specialisation-master/.git/objects/cd/8c27f972d121cdce40da5b4146337b35e1420f'
2019-02-20 08:16:31: Copy New 'C:/Users/tamma/Documents/GitHub/i4-frontend-specialisation/.git/objects/d4/fba2903de03958fae8e6c4796bbf64a4debacf' -> 'E:/FrontEnd/i4-frontend-specialisation-master/.git/objects/d4/fba2903de03958fae8e6c4796bbf64a4debacf'
2019-02-20 08:16:31: Copy New 'C:/Users/tamma/Documents/GitHub/i4-frontend-specialisation/.git/objects/db/139415617ca288951ec51e165245b357801ff3' -> 'E:/FrontEnd/i4-frontend-specialisation-master/.git/objects/db/139415617ca288951ec51e165245b357801ff3'
2019-02-20 08:16:31: Copy New 'C:/Users/tamma/Documents/GitHub/i4-frontend-specialisation/.git/objects/dc/7ad82c7c923d10bccdd0e1d1433dd32eb2516f' -> 'E:/FrontEnd/i4-frontend-specialisation-master/.git/objects/dc/7ad82c7c923d10bccdd0e1d1433dd32eb2516f'
2019-02-20 08:16:32: Copy New 'C:/Users/tamma/Documents/GitHub/i4-frontend-specialisation/.git/objects/dc/b6e11a203ff2a7a6dcb00f233d73efa9621a4f' -> 'E:/FrontEnd/i4-frontend-specialisation-master/.git/objects/dc/b6e11a203ff2a7a6dcb00f233d73efa9621a4f'
2019-02-20 08:16:32: Copy New 'C:/Users/tamma/Documents/GitHub/i4-frontend-specialisation/.git/objects/de/cd08123d228642df5f7145c2d22684aaab743d' -> 'E:/FrontEnd/i4-frontend-specialisation-master/.git/objects/de/cd08123d228642df5f7145c2d22684aaab743d'
2019-02-20 08:16:32: Copy New 'C:/Users/tamma/Documents/GitHub/i4-frontend-specialisation/.git/objects/e1/90e9484f062dc8284eb87d554860ffae9da665' -> 'E:/FrontEnd/i4-frontend-specialisation-master/.git/objects/e1/90e9484f062dc8284eb87d554860ffae9da665'
2019-02-20 08:16:32: Copy New 'C:/Users/tamma/Documents/GitHub/i4-frontend-specialisation/.git/objects/e9/755cf01b00893b75d5cff51a82f118b545c08f' -> 'E:/FrontEnd/i4-frontend-specialisation-master/.git/objects/e9/755cf01b00893b75d5cff51a82f118b545c08f'
2019-02-20 08:16:32: Copy New 'C:/Users/tamma/Documents/GitHub/i4-frontend-specialisation/.git/objects/f2/93972a29087241b8ca2fff301253fc1277029b' -> 'E:/FrontEnd/i4-frontend-specialisation-master/.git/objects/f2/93972a29087241b8ca2fff301253fc1277029b'
2019-02-20 08:16:32: Copy New 'C:/Users/tamma/Documents/GitHub/i4-frontend-specialisation/.git/objects/f4/e24bdc2417f908eaaa8c77f9bc357c5b21eaa5' -> 'E:/FrontEnd/i4-frontend-specialisation-master/.git/objects/f4/e24bdc2417f908eaaa8c77f9bc357c5b21eaa5'
2019-02-20 08:16:32: Copy New 'C:/Users/tamma/Documents/GitHub/i4-frontend-specialisation/.git/objects/f5/a09bc6621378146e64dc615c28f331939a17ee' -> 'E:/FrontEnd/i4-frontend-specialisation-master/.git/objects/f5/a09bc6621378146e64dc615c28f331939a17ee'
2019-02-20 08:16:32: Copy New 'C:/Users/tamma/Documents/GitHub/i4-frontend-specialisation/.git/objects/f8/ec66795e0e56fc58fc2f439cb8536b7ac52183' -> 'E:/FrontEnd/i4-frontend-specialisation-master/.git/objects/f8/ec66795e0e56fc58fc2f439cb8536b7ac52183'
2019-02-20 08:16:33: Copy New 'C:/Users/tamma/Documents/GitHub/i4-frontend-specialisation/.git/objects/fa/0528ed67a45aa33e9a58611dff5e2ec869de78' -> 'E:/FrontEnd/i4-frontend-specialisation-master/.git/objects/fa/0528ed67a45aa33e9a58611dff5e2ec869de78'
2019-02-20 08:16:33: Copy New 'C:/Users/tamma/Documents/GitHub/i4-frontend-specialisation/.git/objects/fa/b10905ba3ccdfac10c86a09ecec66b8a7fd828' -> 'E:/FrontEnd/i4-frontend-specialisation-master/.git/objects/fa/b10905ba3ccdfac10c86a09ecec66b8a7fd828'
2019-02-20 08:16:33: Copy New 'C:/Users/tamma/Documents/GitHub/i4-frontend-specialisation/.git/ORIG_HEAD' -> 'E:/FrontEnd/i4-frontend-specialisation-master/.git/ORIG_HEAD'
2019-02-20 08:16:33: Copy New 'C:/Users/tamma/Documents/GitHub/i4-frontend-specialisation/.git/packed-refs' -> 'E:/FrontEnd/i4-frontend-specialisation-master/.git/packed-refs'
2019-02-20 08:16:33: Copy New 'C:/Users/tamma/Documents/GitHub/i4-frontend-specialisation/.git/refs/heads/master' -> 'E:/FrontEnd/i4-frontend-specialisation-master/.git/refs/heads/master'
2019-02-20 08:16:33: Copy New 'C:/Users/tamma/Documents/GitHub/i4-frontend-specialisation/.git/refs/remotes/origin/HEAD' -> 'E:/FrontEnd/i4-frontend-specialisation-master/.git/refs/remotes/origin/HEAD'
2019-02-20 08:16:33: Copy Over 'C:/Users/tamma/Documents/GitHub/i4-frontend-specialisation/.gitignore' -> 'E:/FrontEnd/i4-frontend-specialisation-master/.gitignore'
2019-02-20 08:16:33: Copy Over 'C:/Users/tamma/Documents/GitHub/i4-frontend-specialisation/js-01/01 - warmups.spec.js' -> 'E:/FrontEnd/i4-frontend-specialisation-master/js-01/01 - warmups.spec.js'
2019-02-20 08:16:33: Copy Over 'C:/Users/tamma/Documents/GitHub/i4-frontend-specialisation/js-01/average.spec.js' -> 'E:/FrontEnd/i4-frontend-specialisation-master/js-01/average.spec.js'
2019-02-20 08:16:33: Copy Over 'C:/Users/tamma/Documents/GitHub/i4-frontend-specialisation/js-01/calculate.spec.js' -> 'E:/FrontEnd/i4-frontend-specialisation-master/js-01/calculate.spec.js'
2019-02-20 08:16:33: Copy Over 'C:/Users/tamma/Documents/GitHub/i4-frontend-specialisation/js-01/calculatePolish.spec.js' -> 'E:/FrontEnd/i4-frontend-specialisation-master/js-01/calculatePolish.spec.js'
2019-02-20 08:16:34: Copy New 'C:/Users/tamma/Documents/GitHub/i4-frontend-specialisation/js-01/calculator-creator.spec.js' -> 'E:/FrontEnd/i4-frontend-specialisation-master/js-01/calculator-creator.spec.js'
2019-02-20 08:16:34: Copy Over 'C:/Users/tamma/Documents/GitHub/i4-frontend-specialisation/js-01/directions.spec.js' -> 'E:/FrontEnd/i4-frontend-specialisation-master/js-01/directions.spec.js'
2019-02-20 08:16:34: Copy Over 'C:/Users/tamma/Documents/GitHub/i4-frontend-specialisation/js-01/filter.spec.js' -> 'E:/FrontEnd/i4-frontend-specialisation-master/js-01/filter.spec.js'
2019-02-20 08:16:34: Copy Over 'C:/Users/tamma/Documents/GitHub/i4-frontend-specialisation/js-01/median.spec.js' -> 'E:/FrontEnd/i4-frontend-specialisation-master/js-01/median.spec.js'
2019-02-20 08:16:34: Copy Over 'C:/Users/tamma/Documents/GitHub/i4-frontend-specialisation/js-01/minMax.spec.js' -> 'E:/FrontEnd/i4-frontend-specialisation-master/js-01/minMax.spec.js'
2019-02-20 08:16:34: Copy Over 'C:/Users/tamma/Documents/GitHub/i4-frontend-specialisation/js-01/prime.spec.js' -> 'E:/FrontEnd/i4-frontend-specialisation-master/js-01/prime.spec.js'
2019-02-20 08:16:34: Copy Over 'C:/Users/tamma/Documents/GitHub/i4-frontend-specialisation/js-01/union.spec.js' -> 'E:/FrontEnd/i4-frontend-specialisation-master/js-01/union.spec.js'
2019-02-20 08:16:34: Copy Over 'C:/Users/tamma/Documents/GitHub/i4-frontend-specialisation/package-lock.json' -> 'E:/FrontEnd/i4-frontend-specialisation-master/package-lock.json'
2019-02-20 08:16:35: Copy Over 'C:/Users/tamma/Documents/GitHub/i4-frontend-specialisation/package.json' -> 'E:/FrontEnd/i4-frontend-specialisation-master/package.json'
2019-02-20 08:16:35: == Sync Complete. Time: 00:00:13, Speed: 27.6 KB/s, OK: 164, Errors: 0
2019-02-20 08:16:35: 
